Build started 2014-09-16 12:50:12 AM.
     1>Project "D:\GitHub\Cpp-code\ProcessSchedulingSimulation\ProcessSchedulingSimulation.vcxproj" on node 2 (Build target(s)).
     1>ClCompile:
         C:\Program Files (x86)\Microsoft Visual Studio 11.0\VC\bin\CL.exe /c /ZI /nologo /W3 /WX- /Od /Oy- /D WIN32 /D _DEBUG /D _CONSOLE /D _UNICODE /D UNICODE /Gm /EHsc /RTC1 /MDd /GS /fp:precise /Zc:wchar_t /Zc:forScope /Fo"Debug\\" /Fd"Debug\vc110.pdb" /Gd /TP /analyze- /errorReport:prompt input.cpp main.cpp process.cpp scheduling.cpp
         scheduling.cpp
         process.cpp
         main.cpp
     1>d:\github\cpp-code\processschedulingsimulation\main.cpp(75): warning C4996: 'tzset': The POSIX name for this item is deprecated. Instead, use the ISO C++ conformant name: _tzset. See online help for details.
                 c:\program files (x86)\microsoft visual studio 11.0\vc\include\time.h(280) : see declaration of 'tzset'
     1>d:\github\cpp-code\processschedulingsimulation\main.cpp(77): warning C4996: 'localtime': This function or variable may be unsafe. Consider using localtime_s instead. To disable deprecation, use _CRT_SECURE_NO_WARNINGS. See online help for details.
                 c:\program files (x86)\microsoft visual studio 11.0\vc\include\time.inl(112) : see declaration of 'localtime'
         input.cpp
         Generating Code...
     1>d:\github\cpp-code\processschedulingsimulation\input.cpp(100): warning C4715: 'inputScheduler' : not all control paths return a value
       Link:
         C:\Program Files (x86)\Microsoft Visual Studio 11.0\VC\bin\link.exe /ERRORREPORT:PROMPT /OUT:"D:\GitHub\Cpp-code\ProcessSchedulingSimulation\Debug\ProcessSchedulingSimulation.exe" /INCREMENTAL /NOLOGO kernel32.lib user32.lib gdi32.lib winspool.lib comdlg32.lib advapi32.lib shell32.lib ole32.lib oleaut32.lib uuid.lib odbc32.lib odbccp32.lib /MANIFEST /MANIFESTUAC:"level='asInvoker' uiAccess='false'" /manifest:embed /DEBUG /PDB:"D:\GitHub\Cpp-code\ProcessSchedulingSimulation\Debug\ProcessSchedulingSimulation.pdb" /SUBSYSTEM:CONSOLE /TLBID:1 /DYNAMICBASE /NXCOMPAT /IMPLIB:"D:\GitHub\Cpp-code\ProcessSchedulingSimulation\Debug\ProcessSchedulingSimulation.lib" /MACHINE:X86 Debug\input.obj
         Debug\main.obj
         Debug\process.obj
         Debug\scheduling.obj
         ProcessSchedulingSimulation.vcxproj -> D:\GitHub\Cpp-code\ProcessSchedulingSimulation\Debug\ProcessSchedulingSimulation.exe
     1>Done Building Project "D:\GitHub\Cpp-code\ProcessSchedulingSimulation\ProcessSchedulingSimulation.vcxproj" (Build target(s)).

Build succeeded.

Time Elapsed 00:00:09.27
